Using pre-set license
Pro License: NO

 COMMAND LINE ARGUMENTS:
/Applications/Unity/Hub/Editor/2021.1.16f1/Unity.app/Contents/MacOS/Unity
-adb2
-batchMode
-noUpm
-name
AssetImportWorker0
-projectPath
/Users/stardust/Files/Unity Projects/2021/AVIO
-logFile
Logs/AssetImportWorker0.log
-srvPort
54336
Successfully changed project path to: /Users/stardust/Files/Unity Projects/2021/AVIO
/Users/stardust/Files/Unity Projects/2021/AVIO
Using Asset Import Pipeline V2.
Refreshing native plugins compatible for Editor in 203.48 ms, found 2 plugins.
Preloading 0 native plugins for Editor in 0.00 ms.
Initialize engine version: 2021.1.16f1 (5fa502fca597)
[Subsystems] Discovering subsystems at path /Applications/Unity/Hub/Editor/2021.1.16f1/Unity.app/Contents/Resources/UnitySubsystems
[Subsystems] Discovering subsystems at path /Users/stardust/Files/Unity Projects/2021/AVIO/Assets
GfxDevice: creating device client; threaded=0; jobified=0
2021-07-30 18:05:08.696 Unity[64572:5656751] LG HDR 4K preferred device: AMD Radeon Pro 5500M (high power)
2021-07-30 18:05:08.696 Unity[64572:5656751] Metal devices available: 2
2021-07-30 18:05:08.697 Unity[64572:5656751] 0: AMD Radeon Pro 5500M (high power)
2021-07-30 18:05:08.697 Unity[64572:5656751] 1: Intel(R) UHD Graphics 630 (low power)
2021-07-30 18:05:08.697 Unity[64572:5656751] Forcing user selected device: AMD Radeon Pro 5500M (high power)
Initializing Metal device caps: AMD Radeon Pro 5500M
Initialize mono
Mono path[0] = '/Applications/Unity/Hub/Editor/2021.1.16f1/Unity.app/Contents/Managed'
Mono path[1] = '/Applications/Unity/Hub/Editor/2021.1.16f1/Unity.app/Contents/MonoBleedingEdge/lib/mono/unityjit'
Mono config path = '/Applications/Unity/Hub/Editor/2021.1.16f1/Unity.app/Contents/MonoBleedingEdge/etc'
Using monoOptions --debugger-agent=transport=dt_socket,embedding=1,server=y,suspend=n,address=127.0.0.1:56572
Begin MonoManager ReloadAssembly
Registering precompiled unity dll's ...
Register platform support module: /Applications/Unity/Hub/Editor/2021.1.16f1/Unity.app/Contents/PlaybackEngines/MacStandaloneSupport/UnityEditor.OSXStandalone.Extensions.dll
Registered in 0.003303 seconds.
Native extension for OSXStandalone target not found
Refreshing native plugins compatible for Editor in 182.16 ms, found 2 plugins.
Preloading 0 native plugins for Editor in 0.00 ms.
Mono: successfully reloaded assembly
- Completed reload, in  6.584 seconds
Domain Reload Profiling:
	ReloadAssembly (6584ms)
		BeginReloadAssembly (241ms)
			ExecutionOrderSort (0ms)
			DisableScriptedObjects (0ms)
			BackupInstance (0ms)
			ReleaseScriptingObjects (0ms)
			CreateAndSetChildDomain (2ms)
		EndReloadAssembly (1647ms)
			LoadAssemblies (240ms)
			RebuildTransferFunctionScriptingTraits (0ms)
			SetupTypeCache (682ms)
			ReleaseScriptCaches (0ms)
			RebuildScriptCaches (118ms)
			SetupLoadedEditorAssemblies (691ms)
				LogAssemblyErrors (0ms)
				InitializePlatformSupportModulesInManaged (19ms)
				SetLoadedEditorAssemblies (1ms)
				RefreshPlugins (182ms)
				BeforeProcessingInitializeOnLoad (5ms)
				ProcessInitializeOnLoadAttributes (387ms)
				ProcessInitializeOnLoadMethodAttributes (96ms)
				AfterProcessingInitializeOnLoad (0ms)
				EditorAssembliesLoaded (1ms)
			ExecutionOrderSort2 (0ms)
			AwakeInstancesAfterBackupRestoration (0ms)
Platform modules already initialized, skipping
Registering precompiled user dll's ...
Registered in 0.012854 seconds.
Begin MonoManager ReloadAssembly
Native extension for OSXStandalone target not found
Refreshing native plugins compatible for Editor in 207.34 ms, found 2 plugins.
Preloading 0 native plugins for Editor in 0.00 ms.
HDRP Internally changed the storage of Cube Cookie to use Octahedral Projection inside the 2D Cookie Atlas. It is recommended that you increase the size of the 2D Cookie Atlas if your cookies no longer fit.
UnityEngine.StackTraceUtility:ExtractStackTrace () (at /Users/bokken/buildslave/unity/build/Runtime/Export/Scripting/StackTrace.cs:37)
UnityEngine.DebugLogHandler:LogFormat (UnityEngine.LogType,UnityEngine.Object,string,object[])
UnityEngine.Logger:Log (UnityEngine.LogType,object)
UnityEngine.Debug:Log (object)
UnityEngine.Rendering.HighDefinition.HDRenderPipelineAsset/<>c:<.cctor>b__108_12 (UnityEngine.Rendering.HighDefinition.HDRenderPipelineAsset) (at Library/PackageCache/com.unity.render-pipelines.high-definition@11.0.0/Runtime/RenderPipeline/HDRenderPipelineAsset.Migration.cs:126)
UnityEngine.Rendering.HighDefinition.MigrationStep`2<UnityEngine.Rendering.HighDefinition.HDRenderPipelineAsset/Version, UnityEngine.Rendering.HighDefinition.HDRenderPipelineAsset>:Migrate (UnityEngine.Rendering.HighDefinition.HDRenderPipelineAsset) (at Library/PackageCache/com.unity.render-pipelines.high-definition@11.0.0/Runtime/Core/Migration/MigrationStep.cs:52)
UnityEngine.Rendering.HighDefinition.MigrationDescription`2<UnityEngine.Rendering.HighDefinition.HDRenderPipelineAsset/Version, UnityEngine.Rendering.HighDefinition.HDRenderPipelineAsset>:Migrate (UnityEngine.Rendering.HighDefinition.HDRenderPipelineAsset) (at Library/PackageCache/com.unity.render-pipelines.high-definition@11.0.0/Runtime/Core/Migration/MigrationDescription.cs:101)
UnityEngine.Rendering.HighDefinition.HDRenderPipelineAsset:OnEnable () (at Library/PackageCache/com.unity.render-pipelines.high-definition@11.0.0/Runtime/RenderPipeline/HDRenderPipelineAsset.Migration.cs:146)
UnityEngine.Rendering.GraphicsSettings:get_currentRenderPipeline () (at /Users/bokken/buildslave/unity/build/Runtime/Export/Graphics/GraphicsSettings.bindings.cs:43)
UnityEditor.Rendering.HighDefinition.HDBakedReflectionSystem:Initialize () (at Library/PackageCache/com.unity.render-pipelines.high-definition@11.0.0/Editor/Lighting/Reflection/HDBakedReflectionSystem.cs:42)
System.Reflection.MonoMethod:Invoke (object,System.Reflection.BindingFlags,System.Reflection.Binder,object[],System.Globalization.CultureInfo)
System.Reflection.MethodBase:Invoke (object,object[])
UnityEditor.EditorAssemblies:ProcessInitializeOnLoadMethodAttributes () (at /Users/bokken/buildslave/unity/build/Editor/Mono/EditorAssemblies.cs:154)

(Filename: Library/PackageCache/com.unity.render-pipelines.high-definition@11.0.0/Runtime/RenderPipeline/HDRenderPipelineAsset.Migration.cs Line: 126)

Mono: successfully reloaded assembly
- Completed reload, in  5.169 seconds
Domain Reload Profiling:
	ReloadAssembly (5170ms)
		BeginReloadAssembly (500ms)
			ExecutionOrderSort (0ms)
			DisableScriptedObjects (14ms)
			BackupInstance (0ms)
			ReleaseScriptingObjects (0ms)
			CreateAndSetChildDomain (110ms)
		EndReloadAssembly (4459ms)
			LoadAssemblies (283ms)
			RebuildTransferFunctionScriptingTraits (0ms)
			SetupTypeCache (1123ms)
			ReleaseScriptCaches (2ms)
			RebuildScriptCaches (334ms)
			SetupLoadedEditorAssemblies (2234ms)
				LogAssemblyErrors (0ms)
				InitializePlatformSupportModulesInManaged (12ms)
				SetLoadedEditorAssemblies (1ms)
				RefreshPlugins (207ms)
				BeforeProcessingInitializeOnLoad (163ms)
				ProcessInitializeOnLoadAttributes (1281ms)
				ProcessInitializeOnLoadMethodAttributes (565ms)
				AfterProcessingInitializeOnLoad (4ms)
				EditorAssembliesLoaded (1ms)
			ExecutionOrderSort2 (0ms)
			AwakeInstancesAfterBackupRestoration (20ms)
Platform modules already initialized, skipping
========================================================================
Worker process is ready to serve import requests
Launching external process: /Applications/Unity/Hub/Editor/2021.1.16f1/Unity.app/Contents/Tools/UnityShaderCompiler
Launched and connected shader compiler UnityShaderCompiler after 0.06 seconds
Refreshing native plugins compatible for Editor in 2.33 ms, found 2 plugins.
Preloading 0 native plugins for Editor in 0.00 ms.
Unloading 3121 Unused Serialized files (Serialized files now loaded: 0)
System memory in use before: 283.9 MB.
System memory in use after: 284.1 MB.

Unloading 21 unused Assets to reduce memory usage. Loaded Objects now: 3579.
Total: 10.493425 ms (FindLiveObjects: 0.719933 ms CreateObjectMapping: 0.654115 ms MarkObjects: 8.916103 ms  DeleteObjects: 0.200200 ms)

AssetImportParameters requested are different than current active one (requested -> active):
  custom:video-decoder-ogg-theora: a1e56fd34408186e4bbccfd4996cb3dc -> 
  custom:container-muxer-webm: aa71ff27fc2769a1b78a27578f13a17b -> 
  custom:container-demuxer-webm: 4f35f7cbe854078d1ac9338744f61a02 -> 
  custom:container-demuxer-ogg: 62fdf1f143b41e24485cea50d1cbac27 -> 
  custom:video-encoder-webm-vp8: eb34c28f22e8b96e1ab97ce403110664 -> 
  custom:framework-osx-AVFoundation: b23960f63f64bdc6ff669e2cdcee2391 -> 
  custom:video-decoder-webm-vp8: 9c59270c3fd7afecdb556c50c9e8de78 -> 
  custom:audio-decoder-ogg-vorbis: bf7c407c2cedff20999df2af8eb42d56 -> 
  custom:audio-encoder-webm-vorbis: bf7c407c2cedff20999df2af8eb42d56 -> 
